SERVER_HANDSHAKE_TRAFFIC_SECRET f4762dda8a0aa9adb77c846d349a3250ed077f24ab96b68241033f3c592fba20 b8260a93943dd6204b0faa022ee2283d8e5d5627f95e9bb163dc3004630011a5
EXPORTER_SECRET f4762dda8a0aa9adb77c846d349a3250ed077f24ab96b68241033f3c592fba20 5ded586885a3c911359f6a6fc1ec8bd3ef3719d5453dd814e24c05e33a931134
SERVER_TRAFFIC_SECRET_0 f4762dda8a0aa9adb77c846d349a3250ed077f24ab96b68241033f3c592fba20 d093bf23bddc571fc39b49f9d11885e952ecc9ae2af1729c3ec8182f3a5f7795
CLIENT_HANDSHAKE_TRAFFIC_SECRET f4762dda8a0aa9adb77c846d349a3250ed077f24ab96b68241033f3c592fba20 458a41b326570b8fecc926a2c03f1a72fd2c093b4e5700779b166f089040b191
CLIENT_TRAFFIC_SECRET_0 f4762dda8a0aa9adb77c846d349a3250ed077f24ab96b68241033f3c592fba20 e1a4a1a77c42a3670f927a317a7fc3ebfa01f8140546075f2670cf06012640c2
SERVER_HANDSHAKE_TRAFFIC_SECRET 5b695189f6f96d87509bc19b2290f868ecde437cccde6125ee8822240e483043 9ed0e6586bf4b08279ce64dbb51d9bf2b2d19dec2b12d01f38a6028a98d54fbf
EXPORTER_SECRET 5b695189f6f96d87509bc19b2290f868ecde437cccde6125ee8822240e483043 08c29ec143eece0e1f089136ec351af531d1712e13febe523691340ade23e3bd
SERVER_TRAFFIC_SECRET_0 5b695189f6f96d87509bc19b2290f868ecde437cccde6125ee8822240e483043 7d0c9cdf858fbb1bd36240aa8addb7007fa446758f9514f0814fd6c7b68dcdf6
CLIENT_HANDSHAKE_TRAFFIC_SECRET 5b695189f6f96d87509bc19b2290f868ecde437cccde6125ee8822240e483043 7f9974b46bdd35134aaae662ef04dc01baba69164dda795e43e605c28640dacd
CLIENT_TRAFFIC_SECRET_0 5b695189f6f96d87509bc19b2290f868ecde437cccde6125ee8822240e483043 8a70c70a3eb59804ffc66b1122623e57f611ad5be0abd0ee445d5253dd2cdbc0
SERVER_HANDSHAKE_TRAFFIC_SECRET abb99802a2f062907a14f5338338a6bbaa85ba3ba4e4d3f62384c0556c51f0f5 fffd53fa59993e7eb08ca2151a417ffc51f4c241181250be6494e0c00bd5b4a7
EXPORTER_SECRET abb99802a2f062907a14f5338338a6bbaa85ba3ba4e4d3f62384c0556c51f0f5 45e516861e6514f7f0e3dec464f7c341965f5decbfb159db07a5781c3c367108
SERVER_TRAFFIC_SECRET_0 abb99802a2f062907a14f5338338a6bbaa85ba3ba4e4d3f62384c0556c51f0f5 6bb323b3974f253b2eb870a6e87a99ae52c1f28498083abbb78a18948514841a
CLIENT_HANDSHAKE_TRAFFIC_SECRET abb99802a2f062907a14f5338338a6bbaa85ba3ba4e4d3f62384c0556c51f0f5 2810b45d87d9bba0375d1a2a742c8985841003c99c75905f667245aef3aba75f
CLIENT_TRAFFIC_SECRET_0 abb99802a2f062907a14f5338338a6bbaa85ba3ba4e4d3f62384c0556c51f0f5 7dca866915b54ec00a70813fd5881504dd7417b0c40426440e6368e5806984f4
SERVER_HANDSHAKE_TRAFFIC_SECRET 080432999343e15a059c2c010c05b2017920f162032b8d069d4f32d11b36ee5c 2b44c5f91fe7c227dc00ab4cfeda682457d3138664ea1e3b0eeaa535c2c2b870
EXPORTER_SECRET 080432999343e15a059c2c010c05b2017920f162032b8d069d4f32d11b36ee5c 391cd5c8ca2ce269fdd72cbb44609c8a5a77f0935b46362dfbefdacc2b50dac9
SERVER_TRAFFIC_SECRET_0 080432999343e15a059c2c010c05b2017920f162032b8d069d4f32d11b36ee5c 1b00f912a13d9bf25651e21195fa22ec7fd735254c6ef7c3f6a61b60b39edee1
CLIENT_HANDSHAKE_TRAFFIC_SECRET 080432999343e15a059c2c010c05b2017920f162032b8d069d4f32d11b36ee5c 1a505eae3d55dc2ccfa4e77b3745cb4265ebd39fe068da0217bdf02c044f6ac2
CLIENT_TRAFFIC_SECRET_0 080432999343e15a059c2c010c05b2017920f162032b8d069d4f32d11b36ee5c dd196eefa3b6084694c146956f80642a59824f57d6f11691df13ad73023ea271
SERVER_HANDSHAKE_TRAFFIC_SECRET 959a3d604471e6a953f7db4e29783539957a41fc7dd0dab659fc86bcbd8b68d5 f2123abf9e6b5ffbb84dc81d7e3f4aa101c02043ae7af7310e7a8f3977e2be8c
EXPORTER_SECRET 959a3d604471e6a953f7db4e29783539957a41fc7dd0dab659fc86bcbd8b68d5 75c17d9c51324b08376c1d639b41bc6efe5eb0175c31b91ad7b79268230c18fc
SERVER_TRAFFIC_SECRET_0 959a3d604471e6a953f7db4e29783539957a41fc7dd0dab659fc86bcbd8b68d5 0c8807d4b01362844d4d42a5d8e7333d9f1ee0470119677229992ac95bc42d53
CLIENT_HANDSHAKE_TRAFFIC_SECRET 959a3d604471e6a953f7db4e29783539957a41fc7dd0dab659fc86bcbd8b68d5 04e9660f4dcb46ad6c047fd1e8af5bcbf8b1a9e582da1eff8f85732483f1c42e
CLIENT_TRAFFIC_SECRET_0 959a3d604471e6a953f7db4e29783539957a41fc7dd0dab659fc86bcbd8b68d5 485cc7e7ddd6dcce2d773e211089a2f2788009eac3628c76ffae068756ccc785
SERVER_HANDSHAKE_TRAFFIC_SECRET 59cc9daf17dabed3c6634a2bc5607f5f256eff2739a9b4803440da07637ae026 b8f93741e8e916f0ae4034e71ba1760dcd2c691b54cb5cdefabb326add4ab221
EXPORTER_SECRET 59cc9daf17dabed3c6634a2bc5607f5f256eff2739a9b4803440da07637ae026 5ce25eef4d9ece08391c9cd6d9717eeab6797c1c0845f4cf5e6337c237a8f5af
SERVER_TRAFFIC_SECRET_0 59cc9daf17dabed3c6634a2bc5607f5f256eff2739a9b4803440da07637ae026 a6c2a0c727a4893d454063ac1778b6d10cffc1648852f09afa507e089c123ff5
CLIENT_HANDSHAKE_TRAFFIC_SECRET 59cc9daf17dabed3c6634a2bc5607f5f256eff2739a9b4803440da07637ae026 df51a961d80fedea29c466c6a4312913822398354126c0be650736b85681d148
CLIENT_TRAFFIC_SECRET_0 59cc9daf17dabed3c6634a2bc5607f5f256eff2739a9b4803440da07637ae026 a46874a4a926f622402c8074038793524465cacddabac6366cf180bbbe483e6d
SERVER_HANDSHAKE_TRAFFIC_SECRET 32bd52da51ac914d714f4f0af0fad458ee6e3aa63cecfe2d76bb2c75f78e5028 9cffbeca6c3eedcd2e957cc86c596523a84b7c78ac558b4969a11231f372308c
EXPORTER_SECRET 32bd52da51ac914d714f4f0af0fad458ee6e3aa63cecfe2d76bb2c75f78e5028 f043bcae3573f3fb7ab61524516c8fe530c6b883c14fdb80a0aec52876f1ed01
SERVER_TRAFFIC_SECRET_0 32bd52da51ac914d714f4f0af0fad458ee6e3aa63cecfe2d76bb2c75f78e5028 85abdd36c7ce184891fc00885417fb2f6a30c3da788b5c77d04d3275ad73d9ad
CLIENT_HANDSHAKE_TRAFFIC_SECRET 32bd52da51ac914d714f4f0af0fad458ee6e3aa63cecfe2d76bb2c75f78e5028 23a25c1ed35a90c0e7c5dd8a0c0e0c401288163598e20e22966dcad749b8e70f
CLIENT_TRAFFIC_SECRET_0 32bd52da51ac914d714f4f0af0fad458ee6e3aa63cecfe2d76bb2c75f78e5028 26eb7b2a48782c0a0e5ad66e65b3f7fbe005365c1c2ea2d4ca025a938c1351bd
SERVER_HANDSHAKE_TRAFFIC_SECRET 8429e0267997927d3f872db5ed4806628d87ae98fe8a0ce385523e670623b0ae aafc1f51008d3ddfd07a90fe790040616d4a4fd3fa5c47088daeca3db72302b9
EXPORTER_SECRET 8429e0267997927d3f872db5ed4806628d87ae98fe8a0ce385523e670623b0ae 1717c43198155d5dbeb84035bb97f7a51316c0283c52abd21e78a3bf0c3947e5
SERVER_TRAFFIC_SECRET_0 8429e0267997927d3f872db5ed4806628d87ae98fe8a0ce385523e670623b0ae 8c0ac3ae375483c5a8cc4f953e378faf6489cf9fe752825a1e710d78f8761358
CLIENT_HANDSHAKE_TRAFFIC_SECRET 8429e0267997927d3f872db5ed4806628d87ae98fe8a0ce385523e670623b0ae 50c7b978b348357ea41b08536b2158807e24c0f7cfa0c4db1171fb40f79bde1d
CLIENT_TRAFFIC_SECRET_0 8429e0267997927d3f872db5ed4806628d87ae98fe8a0ce385523e670623b0ae f48f90081e0d06ae02a9bf94d8d6e4ec98fc2f9d6333e322a0bdcef3ae2e46d4
SERVER_HANDSHAKE_TRAFFIC_SECRET 978025811a718da38448b6b8db627ae25398fdb07dd7269fa167d8ef75ad8bdd faf83c4b9fa7885402510678477da6cc9c5ba0dbf57645071915784585a64f6e
EXPORTER_SECRET 978025811a718da38448b6b8db627ae25398fdb07dd7269fa167d8ef75ad8bdd f437399aa1d9d27da7572b1f171829ff4390c193ff64c9c5c42ac237e61a9fb9
SERVER_TRAFFIC_SECRET_0 978025811a718da38448b6b8db627ae25398fdb07dd7269fa167d8ef75ad8bdd 624264ea72b87687f89ddb16b358b175f10eda1e3cd59db5b031bfa1b49a4085
CLIENT_HANDSHAKE_TRAFFIC_SECRET 978025811a718da38448b6b8db627ae25398fdb07dd7269fa167d8ef75ad8bdd b55fd6e6e46a1df3992734fcfacf8c9a1dbabbb3b4e485b0540105b57740236d
CLIENT_TRAFFIC_SECRET_0 978025811a718da38448b6b8db627ae25398fdb07dd7269fa167d8ef75ad8bdd 77908b7251f788a6bfd13d279fdfb3a321ad9ab44bb6dc63dd5b2c8b8ba332fe
